\BOOKMARK [1][-]{section.1}{Introdu\347\343o}{}
\BOOKMARK [2][-]{subsection.1.1}{Revis\343o da Literatura}{section.1}
\BOOKMARK [1][-]{section.2}{Definindo e Medindo Resultados Educacionais}{}
\BOOKMARK [2][-]{subsection.2.1}{Mensura\347\343o}{section.2}
\BOOKMARK [3][-]{subsubsection.2.1.1}{Mensura\347\343o no SAEB}{subsection.2.1}
\BOOKMARK [2][-]{subsection.2.2}{Avalia\347\343o}{section.2}
\BOOKMARK [2][-]{subsection.2.3}{Resultados Educacionais}{section.2}
\BOOKMARK [1][-]{section.3}{Definindo e Medindo Descentraliza\347\343o}{}
\BOOKMARK [2][-]{subsection.3.1}{Os estudos no Brasil}{section.3}
\BOOKMARK [1][-]{section.4}{A Descentraliza\347\343o da educa\347\343o no Brasil}{}
\BOOKMARK [2][-]{subsection.4.1}{As matr\355culas}{section.4}
\BOOKMARK [2][-]{subsection.4.2}{As escolas}{section.4}
\BOOKMARK [2][-]{subsection.4.3}{As turmas}{section.4}
\BOOKMARK [1][-]{section.5}{Dados e M\351todos}{}
\BOOKMARK [2][-]{subsection.5.1}{O SAEB}{section.5}
\BOOKMARK [2][-]{subsection.5.2}{O Censo Escolar}{section.5}
\BOOKMARK [2][-]{subsection.5.3}{Vari\341veis e estat\355sticas descritivas}{section.5}
\BOOKMARK [2][-]{subsection.5.4}{Metodologia}{section.5}
\BOOKMARK [3][-]{subsubsection.5.4.1}{O desempenho escolar dos alunos: o n\355vel de governo importa?}{subsection.5.4}
\BOOKMARK [3][-]{subsubsection.5.4.2}{O efeito da municipaliza\347\343o nas escolas}{subsection.5.4}
\BOOKMARK [3][-]{subsubsection.5.4.3}{O efeito da municipaliza\347\343o sobre as redes escolares nos munic\355pios}{subsection.5.4}
\BOOKMARK [1][-]{section.6}{Resultados}{}
\BOOKMARK [2][-]{subsection.6.1}{O Efeito da rede escolar sobre a profici\352ncia dos alunos: o n\355vel de governo importa?}{section.6}
\BOOKMARK [2][-]{subsection.6.2}{O Efeito da municipaliza\347\343o nas escolas}{section.6}
\BOOKMARK [2][-]{subsection.6.3}{O Efeito da municipaliza\347\343o sobre as redes escolares}{section.6}
\BOOKMARK [1][-]{section.7}{Conclus\343o}{}
\BOOKMARK [1][-]{appendix.A}{Anexo I: resultados complementares para o exame de l\355ngua portuguesa}{}
\BOOKMARK [1][-]{appendix.B}{Anexo II: resultados para o exame de matem\341tica}{}
